<?xml version="1.0" encoding="UTF-8"?>
<!-- Generated by org.testng.reporters.JUnitReportReporter -->
<testsuite hostname="Admin" failures="0" tests="3" name="TestngPrograms.CreateCustomer" time="0.009" errors="0" timestamp="2023-03-18T11:08:11 IST" skipped="1">
  <testcase classname="TestngPrograms.CreateCustomer" name="Sehwag" time="0.008"/>
  <system-out>
    <![CDATA[dangerous opener]]>
  </system-out>
  <testcase classname="TestngPrograms.CreateCustomer" name="Dhoni" time="0.001"/>
  <system-out>
    <![CDATA[best captain ever in history]]>
  </system-out>
  <testcase classname="TestngPrograms.CreateCustomer" name="Ashwin">
    <skipped/>
  </testcase> <!-- Ashwin -->
  <system-out/>
</testsuite> <!-- TestngPrograms.CreateCustomer -->
