<?xml version="1.0" encoding="UTF-8"?>
<!-- Generated by org.testng.reporters.JUnitReportReporter -->
<testsuite hostname="Admin" failures="0" tests="1" name="TestngPrograms.Stale" time="23.989" errors="0" timestamp="2023-03-25T11:08:31 IST" skipped="0">
  <testcase classname="TestngPrograms.Stale" name="pom" time="23.989"/>
  <system-out/>
</testsuite> <!-- TestngPrograms.Stale -->
