<?xml version="1.0" encoding="UTF-8"?>
<!-- Generated by org.testng.reporters.JUnitReportReporter -->
<testsuite hostname="Admin" failures="0" tests="1" name="qsp.Comapre" time="7.218" errors="0" timestamp="2023-03-21T11:22:23 IST" skipped="0">
  <testcase classname="qsp.Comapre" name="compare" time="7.218"/>
  <system-out/>
</testsuite> <!-- qsp.Comapre -->
