<?xml version="1.0" encoding="UTF-8"?>
<!-- Generated by org.testng.reporters.JUnitReportReporter -->
<testsuite hostname="Admin" failures="0" tests="3" name="TestngPrograms.PracticeTestNG" time="0.012" errors="0" timestamp="2023-03-18T10:41:37 IST" skipped="1">
  <testcase classname="TestngPrograms.PracticeTestNG" name="Rocky" time="0.008"/>
  <system-out>
    <![CDATA[Rocky dubai gaya]]>
  </system-out>
  <testcase classname="TestngPrograms.PracticeTestNG" name="Pathaan" time="0.004"/>
  <system-out>
    <![CDATA[Pathaan phatake bhi layega]]>
  </system-out>
  <testcase classname="TestngPrograms.PracticeTestNG" name="Tiger">
    <skipped/>
  </testcase> <!-- Tiger -->
  <system-out/>
</testsuite> <!-- TestngPrograms.PracticeTestNG -->
