<?xml version="1.0" encoding="UTF-8"?>
<!-- Generated by org.testng.reporters.JUnitReportReporter -->
<testsuite hostname="Admin" failures="0" tests="1" name="TestngPrograms.ListenerDesing" time="4.849" errors="0" timestamp="2023-03-27T11:53:51 IST" skipped="0">
  <testcase classname="TestngPrograms.ListenerDesing" name="createCustomer" time="4.849"/>
  <system-out>
    <![CDATA[customer created]]>
  </system-out>
</testsuite> <!-- TestngPrograms.ListenerDesing -->
